2026-06-14 12:08:53,430 | INFO     | ════════════════════════════════════════
2026-06-14 12:08:53,430 | INFO     |   ETL PIPELINE START
2026-06-14 12:08:53,430 | INFO     |   Zeitstempel: 2026-06-14T10:08:53.430552
2026-06-14 12:08:53,430 | INFO     | ════════════════════════════════════════
2026-06-14 12:08:53,430 | INFO     | ═══ EXTRACT PHASE START ═══
2026-06-14 12:08:53,430 | INFO     | [EXTRACT] CSV laden: data/orders.csv
2026-06-14 12:08:53,430 | ERROR    | ✗ Pipeline fehlgeschlagen: CSV nicht gefunden: data/orders.csv
Traceback (most recent call last):
  File "/Users/max/Desktop/faz-etl-pipeline/etl/etl_pipeline.py", line 301, in run_pipeline
    raw_data = extract_all()
               ^^^^^^^^^^^^^
  File "/Users/max/Desktop/faz-etl-pipeline/etl/etl_pipeline.py", line 116, in extract_all
    data["csv_orders"] = extract_from_csv("data/orders.csv")
                         ^^^^^^^^^^^^^^^^^^^^^^^^^^^^^^^^^^^
  File "/Users/max/Desktop/faz-etl-pipeline/etl/etl_pipeline.py", line 67, in extract_from_csv
    raise FileNotFoundError(f"CSV nicht gefunden: {filepath}")
FileNotFoundError: CSV nicht gefunden: data/orders.csv
2026-06-14 12:10:31,546 | INFO     | ════════════════════════════════════════
2026-06-14 12:10:31,546 | INFO     |   ETL PIPELINE START
2026-06-14 12:10:31,546 | INFO     |   Zeitstempel: 2026-06-14T10:10:31.546417
2026-06-14 12:10:31,546 | INFO     | ════════════════════════════════════════
2026-06-14 12:10:31,546 | INFO     | ═══ EXTRACT PHASE START ═══
2026-06-14 12:10:31,546 | INFO     | [EXTRACT] CSV laden: data/orders.csv
2026-06-14 12:10:31,554 | INFO     | [EXTRACT] CSV: 3 Zeilen geladen
2026-06-14 12:10:31,555 | INFO     | [EXTRACT] Datenbankabfrage starten …
2026-06-14 12:10:31,644 | ERROR    | ✗ Pipeline fehlgeschlagen: (psycopg2.OperationalError) connection to server at "localhost" (::1), port 5432 failed: Connection refused
	Is the server running on that host and accepting TCP/IP connections?
connection to server at "localhost" (127.0.0.1), port 5432 failed: Connection refused
	Is the server running on that host and accepting TCP/IP connections?

(Background on this error at: https://sqlalche.me/e/14/e3q8)
Traceback (most recent call last):
  File "/opt/anaconda3/envs/faz-etl/lib/python3.11/site-packages/sqlalchemy/engine/base.py", line 3371, in _wrap_pool_connect
    return fn()
           ^^^^
  File "/opt/anaconda3/envs/faz-etl/lib/python3.11/site-packages/sqlalchemy/pool/base.py", line 327, in connect
    return _ConnectionFairy._checkout(self)
           ^^^^^^^^^^^^^^^^^^^^^^^^^^^^^^^^
  File "/opt/anaconda3/envs/faz-etl/lib/python3.11/site-packages/sqlalchemy/pool/base.py", line 894, in _checkout
    fairy = _ConnectionRecord.checkout(pool)
            ^^^^^^^^^^^^^^^^^^^^^^^^^^^^^^^^
  File "/opt/anaconda3/envs/faz-etl/lib/python3.11/site-packages/sqlalchemy/pool/base.py", line 493, in checkout
    rec = pool._do_get()
          ^^^^^^^^^^^^^^
  File "/opt/anaconda3/envs/faz-etl/lib/python3.11/site-packages/sqlalchemy/pool/impl.py", line 145, in _do_get
    with util.safe_reraise():
  File "/opt/anaconda3/envs/faz-etl/lib/python3.11/site-packages/sqlalchemy/util/langhelpers.py", line 70, in __exit__
    compat.raise_(
  File "/opt/anaconda3/envs/faz-etl/lib/python3.11/site-packages/sqlalchemy/util/compat.py", line 211, in raise_
    raise exception
  File "/opt/anaconda3/envs/faz-etl/lib/python3.11/site-packages/sqlalchemy/pool/impl.py", line 143, in _do_get
    return self._create_connection()
           ^^^^^^^^^^^^^^^^^^^^^^^^^
  File "/opt/anaconda3/envs/faz-etl/lib/python3.11/site-packages/sqlalchemy/pool/base.py", line 273, in _create_connection
    return _ConnectionRecord(self)
           ^^^^^^^^^^^^^^^^^^^^^^^
  File "/opt/anaconda3/envs/faz-etl/lib/python3.11/site-packages/sqlalchemy/pool/base.py", line 388, in __init__
    self.__connect()
  File "/opt/anaconda3/envs/faz-etl/lib/python3.11/site-packages/sqlalchemy/pool/base.py", line 690, in __connect
    with util.safe_reraise():
  File "/opt/anaconda3/envs/faz-etl/lib/python3.11/site-packages/sqlalchemy/util/langhelpers.py", line 70, in __exit__
    compat.raise_(
  File "/opt/anaconda3/envs/faz-etl/lib/python3.11/site-packages/sqlalchemy/util/compat.py", line 211, in raise_
    raise exception
  File "/opt/anaconda3/envs/faz-etl/lib/python3.11/site-packages/sqlalchemy/pool/base.py", line 686, in __connect
    self.dbapi_connection = connection = pool._invoke_creator(self)
                                         ^^^^^^^^^^^^^^^^^^^^^^^^^^
  File "/opt/anaconda3/envs/faz-etl/lib/python3.11/site-packages/sqlalchemy/engine/create.py", line 574, in connect
    return dialect.connect(*cargs, **cparams)
           ^^^^^^^^^^^^^^^^^^^^^^^^^^^^^^^^^^
  File "/opt/anaconda3/envs/faz-etl/lib/python3.11/site-packages/sqlalchemy/engine/default.py", line 598, in connect
    return self.dbapi.connect(*cargs, **cparams)
           ^^^^^^^^^^^^^^^^^^^^^^^^^^^^^^^^^^^^^
  File "/opt/anaconda3/envs/faz-etl/lib/python3.11/site-packages/psycopg2/__init__.py", line 122, in connect
    conn = _connect(dsn, connection_factory=connection_factory, **kwasync)
           ^^^^^^^^^^^^^^^^^^^^^^^^^^^^^^^^^^^^^^^^^^^^^^^^^^^^^^^^^^^^^^^
psycopg2.OperationalError: connection to server at "localhost" (::1), port 5432 failed: Connection refused
	Is the server running on that host and accepting TCP/IP connections?
connection to server at "localhost" (127.0.0.1), port 5432 failed: Connection refused
	Is the server running on that host and accepting TCP/IP connections?


The above exception was the direct cause of the following exception:

Traceback (most recent call last):
  File "/Users/max/Desktop/faz-etl-pipeline/etl/etl_pipeline.py", line 301, in run_pipeline
    raw_data = extract_all()
               ^^^^^^^^^^^^^
  File "/Users/max/Desktop/faz-etl-pipeline/etl/etl_pipeline.py", line 118, in extract_all
    data["db_customers"] = extract_from_database(
                           ^^^^^^^^^^^^^^^^^^^^^^
  File "/Users/max/Desktop/faz-etl-pipeline/etl/etl_pipeline.py", line 77, in extract_from_database
    with source_engine.connect() as conn:
         ^^^^^^^^^^^^^^^^^^^^^^^
  File "/opt/anaconda3/envs/faz-etl/lib/python3.11/site-packages/sqlalchemy/engine/base.py", line 3325, in connect
    return self._connection_cls(self, close_with_result=close_with_result)
           ^^^^^^^^^^^^^^^^^^^^^^^^^^^^^^^^^^^^^^^^^^^^^^^^^^^^^^^^^^^^^^^
  File "/opt/anaconda3/envs/faz-etl/lib/python3.11/site-packages/sqlalchemy/engine/base.py", line 96, in __init__
    else engine.raw_connection()
         ^^^^^^^^^^^^^^^^^^^^^^^
  File "/opt/anaconda3/envs/faz-etl/lib/python3.11/site-packages/sqlalchemy/engine/base.py", line 3404, in raw_connection
    return self._wrap_pool_connect(self.pool.connect, _connection)
           ^^^^^^^^^^^^^^^^^^^^^^^^^^^^^^^^^^^^^^^^^^^^^^^^^^^^^^^
  File "/opt/anaconda3/envs/faz-etl/lib/python3.11/site-packages/sqlalchemy/engine/base.py", line 3374, in _wrap_pool_connect
    Connection._handle_dbapi_exception_noconnection(
  File "/opt/anaconda3/envs/faz-etl/lib/python3.11/site-packages/sqlalchemy/engine/base.py", line 2208, in _handle_dbapi_exception_noconnection
    util.raise_(
  File "/opt/anaconda3/envs/faz-etl/lib/python3.11/site-packages/sqlalchemy/util/compat.py", line 211, in raise_
    raise exception
  File "/opt/anaconda3/envs/faz-etl/lib/python3.11/site-packages/sqlalchemy/engine/base.py", line 3371, in _wrap_pool_connect
    return fn()
           ^^^^
  File "/opt/anaconda3/envs/faz-etl/lib/python3.11/site-packages/sqlalchemy/pool/base.py", line 327, in connect
    return _ConnectionFairy._checkout(self)
           ^^^^^^^^^^^^^^^^^^^^^^^^^^^^^^^^
  File "/opt/anaconda3/envs/faz-etl/lib/python3.11/site-packages/sqlalchemy/pool/base.py", line 894, in _checkout
    fairy = _ConnectionRecord.checkout(pool)
            ^^^^^^^^^^^^^^^^^^^^^^^^^^^^^^^^
  File "/opt/anaconda3/envs/faz-etl/lib/python3.11/site-packages/sqlalchemy/pool/base.py", line 493, in checkout
    rec = pool._do_get()
          ^^^^^^^^^^^^^^
  File "/opt/anaconda3/envs/faz-etl/lib/python3.11/site-packages/sqlalchemy/pool/impl.py", line 145, in _do_get
    with util.safe_reraise():
  File "/opt/anaconda3/envs/faz-etl/lib/python3.11/site-packages/sqlalchemy/util/langhelpers.py", line 70, in __exit__
    compat.raise_(
  File "/opt/anaconda3/envs/faz-etl/lib/python3.11/site-packages/sqlalchemy/util/compat.py", line 211, in raise_
    raise exception
  File "/opt/anaconda3/envs/faz-etl/lib/python3.11/site-packages/sqlalchemy/pool/impl.py", line 143, in _do_get
    return self._create_connection()
           ^^^^^^^^^^^^^^^^^^^^^^^^^
  File "/opt/anaconda3/envs/faz-etl/lib/python3.11/site-packages/sqlalchemy/pool/base.py", line 273, in _create_connection
    return _ConnectionRecord(self)
           ^^^^^^^^^^^^^^^^^^^^^^^
  File "/opt/anaconda3/envs/faz-etl/lib/python3.11/site-packages/sqlalchemy/pool/base.py", line 388, in __init__
    self.__connect()
  File "/opt/anaconda3/envs/faz-etl/lib/python3.11/site-packages/sqlalchemy/pool/base.py", line 690, in __connect
    with util.safe_reraise():
  File "/opt/anaconda3/envs/faz-etl/lib/python3.11/site-packages/sqlalchemy/util/langhelpers.py", line 70, in __exit__
    compat.raise_(
  File "/opt/anaconda3/envs/faz-etl/lib/python3.11/site-packages/sqlalchemy/util/compat.py", line 211, in raise_
    raise exception
  File "/opt/anaconda3/envs/faz-etl/lib/python3.11/site-packages/sqlalchemy/pool/base.py", line 686, in __connect
    self.dbapi_connection = connection = pool._invoke_creator(self)
                                         ^^^^^^^^^^^^^^^^^^^^^^^^^^
  File "/opt/anaconda3/envs/faz-etl/lib/python3.11/site-packages/sqlalchemy/engine/create.py", line 574, in connect
    return dialect.connect(*cargs, **cparams)
           ^^^^^^^^^^^^^^^^^^^^^^^^^^^^^^^^^^
  File "/opt/anaconda3/envs/faz-etl/lib/python3.11/site-packages/sqlalchemy/engine/default.py", line 598, in connect
    return self.dbapi.connect(*cargs, **cparams)
           ^^^^^^^^^^^^^^^^^^^^^^^^^^^^^^^^^^^^^
  File "/opt/anaconda3/envs/faz-etl/lib/python3.11/site-packages/psycopg2/__init__.py", line 122, in connect
    conn = _connect(dsn, connection_factory=connection_factory, **kwasync)
           ^^^^^^^^^^^^^^^^^^^^^^^^^^^^^^^^^^^^^^^^^^^^^^^^^^^^^^^^^^^^^^^
sqlalchemy.exc.OperationalError: (psycopg2.OperationalError) connection to server at "localhost" (::1), port 5432 failed: Connection refused
	Is the server running on that host and accepting TCP/IP connections?
connection to server at "localhost" (127.0.0.1), port 5432 failed: Connection refused
	Is the server running on that host and accepting TCP/IP connections?

(Background on this error at: https://sqlalche.me/e/14/e3q8)
